2024-12-04 22:47:12,857 INFO o.a.j.u.JMeterUtils: Setting Locale to en_EN
2024-12-04 22:47:12,887 INFO o.a.j.JMeter: Loading user properties from: C:\Deskstop\jmeter\bin\user.properties
2024-12-04 22:47:12,888 INFO o.a.j.JMeter: Loading system properties from: C:\Deskstop\jmeter\bin\system.properties
2024-12-04 22:47:12,895 INFO o.a.j.JMeter: Copyright (c) 1998-2024 The Apache Software Foundation
2024-12-04 22:47:12,895 INFO o.a.j.JMeter: Version 5.6.3
2024-12-04 22:47:12,895 INFO o.a.j.JMeter: java.version=17.0.10
2024-12-04 22:47:12,895 INFO o.a.j.JMeter: java.vm.name=Java HotSpot(TM) 64-Bit Server VM
2024-12-04 22:47:12,895 INFO o.a.j.JMeter: os.name=Windows 10
2024-12-04 22:47:12,895 INFO o.a.j.JMeter: os.arch=amd64
2024-12-04 22:47:12,895 INFO o.a.j.JMeter: os.version=10.0
2024-12-04 22:47:12,896 INFO o.a.j.JMeter: file.encoding=Cp1252
2024-12-04 22:47:12,896 INFO o.a.j.JMeter: java.awt.headless=true
2024-12-04 22:47:12,896 INFO o.a.j.JMeter: Max memory     =1073741824
2024-12-04 22:47:12,896 INFO o.a.j.JMeter: Available Processors =8
2024-12-04 22:47:12,908 INFO o.a.j.JMeter: Default Locale=English (EN)
2024-12-04 22:47:12,908 INFO o.a.j.JMeter: JMeter  Locale=English (EN)
2024-12-04 22:47:12,908 INFO o.a.j.JMeter: JMeterHome=C:\Deskstop\jmeter
2024-12-04 22:47:12,908 INFO o.a.j.JMeter: user.dir  =C:\Deskstop\jmeter\bin\B13
2024-12-04 22:47:12,909 INFO o.a.j.JMeter: PWD       =C:\Deskstop\jmeter\bin\B13
2024-12-04 22:47:12,912 INFO o.a.j.JMeter: IP: 192.168.31.70 Name: DESKTOP-5SMAACG FullName: DESKTOP-5SMAACG
2024-12-04 22:47:12,932 ERROR o.a.j.JMeter: An error occurred: 
java.lang.IllegalArgumentException: Cannot write to 'C:\Deskstop\jmeter\bin\B13\ReportStress' as folder is not empty
	at org.apache.jorphan.util.JOrphanUtils.canSafelyWriteToFolder(JOrphanUtils.java:664) ~[jorphan.jar:5.6.3]
	at org.apache.jorphan.util.JOrphanUtils.canSafelyWriteToFolder(JOrphanUtils.java:620) ~[jorphan.jar:5.6.3]
	at org.apache.jmeter.JMeter.extractAndSetReportOutputFolder(JMeter.java:542) ~[ApacheJMeter_core.jar:5.6.3]
	at org.apache.jmeter.JMeter.start(JMeter.java:492) [ApacheJMeter_core.jar:5.6.3]
	at java.base/jdk.internal.reflect.NativeMethodAccessorImpl.invoke0(Native Method) ~[?:?]
	at java.base/jdk.internal.reflect.NativeMethodAccessorImpl.invoke(NativeMethodAccessorImpl.java:77) ~[?:?]
	at java.base/jdk.internal.reflect.DelegatingMethodAccessorImpl.invoke(DelegatingMethodAccessorImpl.java:43) ~[?:?]
	at java.base/java.lang.reflect.Method.invoke(Method.java:568) ~[?:?]
	at org.apache.jmeter.NewDriver.main(NewDriver.java:259) [ApacheJMeter.jar:5.6.3]
